Using pre-set license
Built from '2020.3/staging' branch; Version is '2020.3.11f1 (99c7afb366b3) revision 10078127'; Using compiler version '192528614'; Build Type 'Release'
OS: 'Windows 10 Home; OS build 22000.318; Version 2009; 64bit' Language: 'ko' Physical Memory: 6091 MB
BatchMode: 1, IsHumanControllingUs: 0, StartBugReporterOnCrash: 0, Is64bit: 1, IsPro: 0

 COMMAND LINE ARGUMENTS:
D:\Programfiles\Unity\Unity Editor\2020.3.11f1\Editor\Unity.exe
-adb2
-batchMode
-noUpm
-name
AssetImportWorker0
-projectPath
D:/Github/The_Magecal/The_Magecal
-logFile
Logs/AssetImportWorker0.log
-srvPort
56257
Successfully changed project path to: D:/Github/The_Magecal/The_Magecal
D:/Github/The_Magecal/The_Magecal
Using Asset Import Pipeline V2.
Refreshing native plugins compatible for Editor in 66.59 ms, found 3 plugins.
Preloading 0 native plugins for Editor in 0.00 ms.
Initialize engine version: 2020.3.11f1 (99c7afb366b3)
[Subsystems] Discovering subsystems at path D:/Programfiles/Unity/Unity Editor/2020.3.11f1/Editor/Data/Resources/UnitySubsystems
[Subsystems] Discovering subsystems at path D:/Github/The_Magecal/The_Magecal/Assets
GfxDevice: creating device client; threaded=0
Direct3D:
    Version:  Direct3D 11.0 [level 11.1]
    Renderer: AMD Radeon(TM) Vega 8 Graphics (ID=0x15d8)
    Vendor:   
    VRAM:     3045 MB
    Driver:   27.20.14544.6
Initialize mono
Mono path[0] = 'D:/Programfiles/Unity/Unity Editor/2020.3.11f1/Editor/Data/Managed'
Mono path[1] = 'D:/Programfiles/Unity/Unity Editor/2020.3.11f1/Editor/Data/MonoBleedingEdge/lib/mono/unityjit'
Mono config path = 'D:/Programfiles/Unity/Unity Editor/2020.3.11f1/Editor/Data/MonoBleedingEdge/etc'
Using monoOptions --debugger-agent=transport=dt_socket,embedding=1,server=y,suspend=n,address=127.0.0.1:56180
Begin MonoManager ReloadAssembly
Registering precompiled unity dll's ...
Register platform support module: D:/Programfiles/Unity/Unity Editor/2020.3.11f1/Editor/Data/PlaybackEngines/WindowsStandaloneSupport/UnityEditor.WindowsStandalone.Extensions.dll
Registered in 0.005433 seconds.
Native extension for WindowsStandalone target not found
Refreshing native plugins compatible for Editor in 57.20 ms, found 3 plugins.
Preloading 0 native plugins for Editor in 0.00 ms.
Mono: successfully reloaded assembly
- Completed reload, in  1.902 seconds
Platform modules already initialized, skipping
Registering precompiled user dll's ...
Registered in 0.007401 seconds.
Begin MonoManager ReloadAssembly
Native extension for WindowsStandalone target not found
Refreshing native plugins compatible for Editor in 56.35 ms, found 3 plugins.
Preloading 0 native plugins for Editor in 0.00 ms.
Mono: successfully reloaded assembly
- Completed reload, in  1.674 seconds
Platform modules already initialized, skipping
========================================================================
Worker process is ready to serve import requests
Launched and connected shader compiler UnityShaderCompiler.exe after 0.06 seconds
Refreshing native plugins compatible for Editor in 0.73 ms, found 3 plugins.
Preloading 0 native plugins for Editor in 0.00 ms.
Unloading 2086 Unused Serialized files (Serialized files now loaded: 0)
System memory in use before: 93.1 MB.
System memory in use after: 93.0 MB.

Unloading 33 unused Assets to reduce memory usage. Loaded Objects now: 2520.
Total: 3.585400 ms (FindLiveObjects: 0.354900 ms CreateObjectMapping: 0.093200 ms MarkObjects: 2.959600 ms  DeleteObjects: 0.175200 ms)

========================================================================
Received Import Request.
  path: Assets/Tiles/MineTile/Texture/Misc/thorns.png
  artifactKey: Guid(831334c1776aee347af94a4ef2ea23e9) Importer(815301076,1909f56bfc062723c751e8b465ee728b)
Start importing Assets/Tiles/MineTile/Texture/Misc/thorns.png using Guid(831334c1776aee347af94a4ef2ea23e9) Importer(815301076,1909f56bfc062723c751e8b465ee728b)  -> (artifact id: '7aa4334ace049a7c7c48884744518d3f') in 0.286501 seconds
  Import took 0.295720 seconds .

========================================================================
Received Import Request.
  Time since last request: 0.000876 seconds.
  path: Assets/Tiles/MineTile/Texture/Misc/bridge.png
  artifactKey: Guid(d1dedfa4b00c0b744b16af86276536a9) Importer(815301076,1909f56bfc062723c751e8b465ee728b)
Start importing Assets/Tiles/MineTile/Texture/Misc/bridge.png using Guid(d1dedfa4b00c0b744b16af86276536a9) Importer(815301076,1909f56bfc062723c751e8b465ee728b)  -> (artifact id: '2e18bd940e562f9bd51a7ecd23fa7eef') in 0.053200 seconds
  Import took 0.057673 seconds .

========================================================================
Received Import Request.
  Time since last request: 0.000369 seconds.
  path: Assets/Tiles/MineTile/Texture/Misc
  artifactKey: Guid(c0b23936fd4e16c47b09df89293cf46d) Importer(815301076,1909f56bfc062723c751e8b465ee728b)
Start importing Assets/Tiles/MineTile/Texture/Misc using Guid(c0b23936fd4e16c47b09df89293cf46d) Importer(815301076,1909f56bfc062723c751e8b465ee728b)  -> (artifact id: '2ed6ab76fd6d1d417f6a396b6033eaab') in 0.014679 seconds
  Import took 0.019646 seconds .

========================================================================
Received Import Request.
  Time since last request: 0.000276 seconds.
  path: Assets/Tiles/MineTile/Texture/Misc/blade.png
  artifactKey: Guid(e76f8b45dae4a624f9a52193f854f04d) Importer(815301076,1909f56bfc062723c751e8b465ee728b)
Start importing Assets/Tiles/MineTile/Texture/Misc/blade.png using Guid(e76f8b45dae4a624f9a52193f854f04d) Importer(815301076,1909f56bfc062723c751e8b465ee728b)  -> (artifact id: 'b7d43e643837da6e9a5e9d8a0771dbc1') in 0.049804 seconds
  Import took 0.054724 seconds .

========================================================================
Received Import Request.
  Time since last request: 0.000289 seconds.
  path: Assets/Tiles/MineTile/Texture/Misc/stairscase.png
  artifactKey: Guid(bd2d4249f6035314ea10ea317c34adf7) Importer(815301076,1909f56bfc062723c751e8b465ee728b)
Start importing Assets/Tiles/MineTile/Texture/Misc/stairscase.png using Guid(bd2d4249f6035314ea10ea317c34adf7) Importer(815301076,1909f56bfc062723c751e8b465ee728b)  -> (artifact id: '292078d9b114ce90325f6d6baf371f50') in 0.050361 seconds
  Import took 0.055654 seconds .

========================================================================
Received Import Request.
  Time since last request: 0.000262 seconds.
  path: Assets/Tiles/MineTile/Texture/Misc/box big.png
  artifactKey: Guid(81e8f20240f1e4e4b9178ffc1f86572f) Importer(815301076,1909f56bfc062723c751e8b465ee728b)
Start importing Assets/Tiles/MineTile/Texture/Misc/box big.png using Guid(81e8f20240f1e4e4b9178ffc1f86572f) Importer(815301076,1909f56bfc062723c751e8b465ee728b)  -> (artifact id: 'af59198b0ed4d17f03b69eedc8672917') in 0.048945 seconds
  Import took 0.053705 seconds .

========================================================================
Received Import Request.
  Time since last request: 0.000255 seconds.
  path: Assets/Tiles/MineTile/Texture/Misc/box.png
  artifactKey: Guid(fd6fcb4f6eae6f4448e38c82dded1350) Importer(815301076,1909f56bfc062723c751e8b465ee728b)
Start importing Assets/Tiles/MineTile/Texture/Misc/box.png using Guid(fd6fcb4f6eae6f4448e38c82dded1350) Importer(815301076,1909f56bfc062723c751e8b465ee728b)  -> (artifact id: '6a3e30a255ed6e6898ca99f246d58533') in 0.054247 seconds
  Import took 0.058665 seconds .

========================================================================
Received Import Request.
  Time since last request: 0.000264 seconds.
  path: Assets/Tiles/MineTile/Texture/Misc/cart.png
  artifactKey: Guid(a09be855e6fb4f14da89d5183efa2fd6) Importer(815301076,1909f56bfc062723c751e8b465ee728b)
Start importing Assets/Tiles/MineTile/Texture/Misc/cart.png using Guid(a09be855e6fb4f14da89d5183efa2fd6) Importer(815301076,1909f56bfc062723c751e8b465ee728b)  -> (artifact id: '3ed7a2be77f0262a0039c502023fcf14') in 0.051755 seconds
  Import took 0.056001 seconds .

========================================================================
Received Import Request.
  Time since last request: 0.000281 seconds.
  path: Assets/Tiles/MineTile/Texture/Misc/box small.png
  artifactKey: Guid(a350e41fc83babb45ab497c917a9db08) Importer(815301076,1909f56bfc062723c751e8b465ee728b)
Start importing Assets/Tiles/MineTile/Texture/Misc/box small.png using Guid(a350e41fc83babb45ab497c917a9db08) Importer(815301076,1909f56bfc062723c751e8b465ee728b)  -> (artifact id: '6a261e3f57f2a2ca698d51d66808c75e') in 0.053470 seconds
  Import took 0.057801 seconds .

========================================================================
Received Import Request.
  Time since last request: 0.000273 seconds.
  path: Assets/Tiles/MineTile/Texture/Misc/chest.png
  artifactKey: Guid(3ac9d7af8282f9d4d9b01d1c81830718) Importer(815301076,1909f56bfc062723c751e8b465ee728b)
Start importing Assets/Tiles/MineTile/Texture/Misc/chest.png using Guid(3ac9d7af8282f9d4d9b01d1c81830718) Importer(815301076,1909f56bfc062723c751e8b465ee728b)  -> (artifact id: 'c457143930651a4fbf5b97838e0d1b2a') in 0.048972 seconds
  Import took 0.053918 seconds .

========================================================================
Received Import Request.
  Time since last request: 7.688240 seconds.
  path: Assets/Pixel Adventure 1/Scenes
  artifactKey: Guid(dbc7f956d9ee8744ba00759404b21d27) Importer(815301076,1909f56bfc062723c751e8b465ee728b)
Start importing Assets/Pixel Adventure 1/Scenes using Guid(dbc7f956d9ee8744ba00759404b21d27) Importer(815301076,1909f56bfc062723c751e8b465ee728b)  -> (artifact id: 'e61223f04169cc6be03e5d5ba40ddb61') in 0.018943 seconds
  Import took 0.024094 seconds .

========================================================================
Received Import Request.
  Time since last request: 2.838118 seconds.
  path: Assets/Pixel Adventure 1/Assets/Traps
  artifactKey: Guid(031922c10d5cf6441a097003bc1e0c72) Importer(815301076,1909f56bfc062723c751e8b465ee728b)
Start importing Assets/Pixel Adventure 1/Assets/Traps using Guid(031922c10d5cf6441a097003bc1e0c72) Importer(815301076,1909f56bfc062723c751e8b465ee728b)  -> (artifact id: '05e5e0bbf31a649b8111df21ddd6bbaf') in 0.016600 seconds
  Import took 0.021029 seconds .

========================================================================
Received Import Request.
  Time since last request: 5.684683 seconds.
  path: Assets/Pixel Adventure 1/Assets/Traps/Spikes
  artifactKey: Guid(1fd2c68c21079b748906c3da01195e68) Importer(815301076,1909f56bfc062723c751e8b465ee728b)
Start importing Assets/Pixel Adventure 1/Assets/Traps/Spikes using Guid(1fd2c68c21079b748906c3da01195e68) Importer(815301076,1909f56bfc062723c751e8b465ee728b)  -> (artifact id: '24e47ff77255a9708b009b7a06cbe6db') in 0.016812 seconds
  Import took 0.022436 seconds .

========================================================================
Received Import Request.
  Time since last request: 2.972503 seconds.
  path: Assets/Pixel Adventure 1/Assets/Traps/Saw
  artifactKey: Guid(2047d0641083c994ab0e7e598540af0e) Importer(815301076,1909f56bfc062723c751e8b465ee728b)
Start importing Assets/Pixel Adventure 1/Assets/Traps/Saw using Guid(2047d0641083c994ab0e7e598540af0e) Importer(815301076,1909f56bfc062723c751e8b465ee728b)  -> (artifact id: '34144bcea6f6c68d3c37b00cc1160cd3') in 0.018135 seconds
  Import took 0.022745 seconds .

AssetImportWorkerClient::OnTransportError - code=2 error=End of file
